<?xml version="1.0" encoding="UTF-8"?>
<!-- Generated by org.testng.reporters.JUnitXMLReporter -->
<testsuite ignored="0" hostname="MSI" failures="5" tests="5" name="Testcases.Railway.LoginTests" time="26.737" errors="0" timestamp="2025-04-19T09:28:25 ICT">
  <testcase classname="Testcases.Railway.LoginTests" name="TC01" time="17.089">
    <failure type="org.openqa.selenium.TimeoutException" message="Expected condition failed: waiting for visibility of element located by By.xpath: //div[@class=&amp;apos;account&amp;apos;]/strong (tried for 10 second(s) with 500 milliseconds interval)
Build info: version: &amp;apos;4.24.0&amp;apos;, revision: &amp;apos;748ffc9bc3&amp;apos;
System info: os.name: &amp;apos;Windows 11&amp;apos;, os.arch: &amp;apos;amd64&amp;apos;, os.version: &amp;apos;10.0&amp;apos;, java.version: &amp;apos;11.0.16.1&amp;apos;
Driver info: org.openqa.selenium.chrome.ChromeDriver
Capabilities {acceptInsecureCerts: false, browserName: chrome, browserVersion: 135.0.7049.96, chrome: {chromedriverVersion: 135.0.7049.95 (de2eb485a195..., userDataDir: C:\Users\anhtu\AppData\Loca...}, fedcm:accounts: true, goog:chromeOptions: {debuggerAddress: localhost:54993}, networkConnectionEnabled: false, pageLoadStrategy: normal, platformName: windows, proxy: Proxy(), se:cdp: ws://localhost:54993/devtoo..., se:cdpVersion: 135.0.7049.96, setWindowRect: true, strictFileInteractability: false, timeouts: {implicit: 0, pageLoad: 300000, script: 30000}, unhandledPromptBehavior: dismiss and notify, webauthn:extension:credBlob: true, webauthn:extension:largeBlob: true, webauthn:extension:minPinLength: true, webauthn:extension:prf: true, webauthn:virtualAuthenticators: true}
Session ID: 24ae4d9f8f22b881886ebc16079a11f2">
        <![CDATA[org.openqa.selenium.TimeoutException: Expected condition failed: waiting for visibility of element located by By.xpath: //div[@class='account']/strong (tried for 10 second(s) with 500 milliseconds interval)
Build info: version: '4.24.0', revision: '748ffc9bc3'
System info: os.name: 'Windows 11', os.arch: 'amd64', os.version: '10.0', java.version: '11.0.16.1'
Driver info: org.openqa.selenium.chrome.ChromeDriver
Capabilities {acceptInsecureCerts: false, browserName: chrome, browserVersion: 135.0.7049.96, chrome: {chromedriverVersion: 135.0.7049.95 (de2eb485a195..., userDataDir: C:\Users\anhtu\AppData\Loca...}, fedcm:accounts: true, goog:chromeOptions: {debuggerAddress: localhost:54993}, networkConnectionEnabled: false, pageLoadStrategy: normal, platformName: windows, proxy: Proxy(), se:cdp: ws://localhost:54993/devtoo..., se:cdpVersion: 135.0.7049.96, setWindowRect: true, strictFileInteractability: false, timeouts: {implicit: 0, pageLoad: 300000, script: 30000}, unhandledPromptBehavior: dismiss and notify, webauthn:extension:credBlob: true, webauthn:extension:largeBlob: true, webauthn:extension:minPinLength: true, webauthn:extension:prf: true, webauthn:virtualAuthenticators: true}
Session ID: 24ae4d9f8f22b881886ebc16079a11f2
at org.openqa.selenium.support.ui.WebDriverWait.timeoutException(WebDriverWait.java:84)
at org.openqa.selenium.support.ui.FluentWait.until(FluentWait.java:228)
at Railway.pages.GenetralPage.getLblWelcomeMessage(ShareAll.java:36)
at Railway.pages.GenetralPage.getWelcomeMessage(ShareAll.java:49)
at Testcases.Railway.LoginTests.TC01(LoginTests.java:25)
at java.base/java.util.ArrayList.forEach(ArrayList.java:1541)
at com.intellij.rt.testng.IDEARemoteTestNG.run(IDEARemoteTestNG.java:65)
at com.intellij.rt.testng.RemoteTestNGStarter.main(RemoteTestNGStarter.java:105)
... Removed 24 stack frames]]>
    </failure>
  </testcase> <!-- TC01 -->
  <testcase classname="Testcases.Railway.LoginTests" name="TC02" time="1.508">
    <failure type="java.lang.RuntimeException" message="Menu item &amp;apos;Login&amp;apos; not found!">
        <![CDATA[java.lang.RuntimeException: Menu item 'Login' not found!
at Railway.pages.GenetralPage.clickMenuItem(ShareAll.java:74)
at Testcases.Railway.LoginTests.TC02(LoginTests.java:33)
at java.base/java.util.ArrayList.forEach(ArrayList.java:1541)
at com.intellij.rt.testng.IDEARemoteTestNG.run(IDEARemoteTestNG.java:65)
at com.intellij.rt.testng.RemoteTestNGStarter.main(RemoteTestNGStarter.java:105)
... Removed 24 stack frames]]>
    </failure>
  </testcase> <!-- TC02 -->
  <testcase classname="Testcases.Railway.LoginTests" name="TC03" time="1.473">
    <failure type="java.lang.RuntimeException" message="Menu item &amp;apos;Login&amp;apos; not found!">
        <![CDATA[java.lang.RuntimeException: Menu item 'Login' not found!
at Railway.pages.GenetralPage.clickMenuItem(ShareAll.java:74)
at Testcases.Railway.LoginTests.TC03(LoginTests.java:44)
at java.base/java.util.ArrayList.forEach(ArrayList.java:1541)
at com.intellij.rt.testng.IDEARemoteTestNG.run(IDEARemoteTestNG.java:65)
at com.intellij.rt.testng.RemoteTestNGStarter.main(RemoteTestNGStarter.java:105)
... Removed 24 stack frames]]>
    </failure>
  </testcase> <!-- TC03 -->
  <testcase classname="Testcases.Railway.LoginTests" name="TC05" time="1.422">
    <failure type="java.lang.RuntimeException" message="Menu item &amp;apos;Login&amp;apos; not found!">
        <![CDATA[java.lang.RuntimeException: Menu item 'Login' not found!
at Railway.pages.GenetralPage.clickMenuItem(ShareAll.java:74)
at Testcases.Railway.LoginTests.TC05(LoginTests.java:61)
at java.base/java.util.ArrayList.forEach(ArrayList.java:1541)
at com.intellij.rt.testng.IDEARemoteTestNG.run(IDEARemoteTestNG.java:65)
at com.intellij.rt.testng.RemoteTestNGStarter.main(RemoteTestNGStarter.java:105)
... Removed 24 stack frames]]>
    </failure>
  </testcase> <!-- TC05 -->
  <testcase classname="Testcases.Railway.LoginTests" name="TC08" time="1.413">
    <failure type="java.lang.RuntimeException" message="Menu item &amp;apos;Login&amp;apos; not found!">
        <![CDATA[java.lang.RuntimeException: Menu item 'Login' not found!
at Railway.pages.GenetralPage.clickMenuItem(ShareAll.java:74)
at Testcases.Railway.LoginTests.TC08(LoginTests.java:73)
at java.base/java.util.ArrayList.forEach(ArrayList.java:1541)
at com.intellij.rt.testng.IDEARemoteTestNG.run(IDEARemoteTestNG.java:65)
at com.intellij.rt.testng.RemoteTestNGStarter.main(RemoteTestNGStarter.java:105)
... Removed 24 stack frames]]>
    </failure>
  </testcase> <!-- TC08 -->
</testsuite> <!-- Testcases.Railway.LoginTests -->
